ERROR:root:Error main function. Time: 29/08/2019 18:24:45. Exception: 'list' object has no attribute 'max'
ERROR:root:Error main function. Time: 29/08/2019 18:27:43. Exception: 'list' object has no attribute 'rolling'
ERROR:root:Error main function. Time: 29/08/2019 18:28:07. Exception: 'list' object has no attribute 'rolling'
ERROR:root:Error main function. Time: 29/08/2019 18:57:05. Exception: module 'pandas' has no attribute 'rolling_mean'
ERROR:root:Error main function. Time: 29/08/2019 18:57:16. Exception: module 'pandas' has no attribute 'rolling_mean'
ERROR:root:Error main function. Time: 29/08/2019 18:58:35. Exception: module 'pandas' has no attribute 'rolling_mean'
ERROR:root:Error main function. Time: 29/08/2019 18:59:54. Exception: module 'pandas' has no attribute 'rolling_mean'
ERROR:root:Error main function. Time: 29/08/2019 19:01:13. Exception: module 'pandas' has no attribute 'rolling_mean'
ERROR:root:Error main function. Time: 29/08/2019 19:02:32. Exception: module 'pandas' has no attribute 'rolling_mean'
ERROR:root:Error main function. Time: 29/08/2019 19:03:51. Exception: module 'pandas' has no attribute 'rolling_mean'
ERROR:root:Error main function. Time: 29/08/2019 19:04:28. Exception: 'list' object has no attribute 'max'
ERROR:root:Error main function. Time: 29/08/2019 19:05:11. Exception: 'list' object has no attribute 'max'
ERROR:root:Error main function. Time: 29/08/2019 19:06:30. Exception: 'list' object has no attribute 'max'
ERROR:root:Error main function. Time: 29/08/2019 19:07:49. Exception: 'list' object has no attribute 'max'
ERROR:root:Error main function. Time: 29/08/2019 19:09:08. Exception: 'list' object has no attribute 'max'
ERROR:root:Error main function. Time: 29/08/2019 19:10:27. Exception: 'list' object has no attribute 'max'
ERROR:root:Error main function. Time: 29/08/2019 19:11:38. Exception: 'list' object has no attribute 'max'
ERROR:root:Error main function. Time: 29/08/2019 19:12:52. Exception: 'list' object has no attribute 'max'
ERROR:root:Error main function. Time: 29/08/2019 19:16:53. Exception: 'list' object has no attribute 'max'
ERROR:root:Error main function. Time: 29/08/2019 21:41:43. Exception: 'list' object has no attribute 'max'
ERROR:root:Error main function. Time: 29/08/2019 21:48:50. Exception: name 'clear' is not defined
ERROR:root:Error main function. Time: 29/08/2019 22:07:31. Exception: add_artist() got an unexpected keyword argument 'transform'
ERROR:root:Error main function. Time: 29/08/2019 22:08:50. Exception: add_artist() got an unexpected keyword argument 'transform'
ERROR:root:Error main function. Time: 29/08/2019 22:10:09. Exception: add_artist() got an unexpected keyword argument 'transform'
ERROR:root:Error main function. Time: 29/08/2019 22:11:29. Exception: add_artist() got an unexpected keyword argument 'transform'
ERROR:root:Error main function. Time: 29/08/2019 22:22:20. Exception: __init__() got an unexpected keyword argument 'size'
ERROR:root:Error main function. Time: 29/08/2019 22:24:38. Exception: 'Series' object has no attribute 'average'
